{"C:\\Users\\apugachev\\Desktop\\projects\\meetingsBack\\src\\index.ts": {"path":"C:\\Users\\apugachev\\Desktop\\projects\\meetingsBack\\src\\index.ts","statementMap":{"0":{"start":{"line":1,"column":0},"end":{"line":1,"column":28}},"1":{"start":{"line":2,"column":0},"end":{"line":2,"column":43}},"2":{"start":{"line":3,"column":0},"end":{"line":3,"column":55}},"3":{"start":{"line":4,"column":0},"end":{"line":4,"column":62}},"4":{"start":{"line":5,"column":0},"end":{"line":5,"column":37}},"5":{"start":{"line":6,"column":0},"end":{"line":6,"column":47}},"6":{"start":{"line":7,"column":0},"end":{"line":7,"column":31}},"7":{"start":{"line":8,"column":0},"end":{"line":8,"column":69}},"8":{"start":{"line":9,"column":0},"end":{"line":9,"column":43}},"9":{"start":{"line":10,"column":0},"end":{"line":10,"column":63}},"10":{"start":{"line":11,"column":0},"end":{"line":11,"column":24}},"11":{"start":{"line":12,"column":0},"end":{"line":12,"column":68}},"12":{"start":{"line":14,"column":0},"end":{"line":14,"column":16}},"13":{"start":{"line":15,"column":0},"end":{"line":15,"column":50}},"14":{"start":{"line":16,"column":13},"end":{"line":16,"column":37}},"15":{"start":{"line":19,"column":13},"end":{"line":26,"column":3}},"16":{"start":{"line":29,"column":21},"end":{"line":29,"column":30}},"17":{"start":{"line":30,"column":0},"end":{"line":30,"column":27}},"18":{"start":{"line":31,"column":0},"end":{"line":31,"column":32}},"19":{"start":{"line":33,"column":0},"end":{"line":33,"column":16}},"20":{"start":{"line":36,"column":0},"end":{"line":40,"column":3}},"21":{"start":{"line":42,"column":0},"end":{"line":42,"column":72}},"22":{"start":{"line":43,"column":0},"end":{"line":43,"column":89}},"23":{"start":{"line":43,"column":23},"end":{"line":43,"column":87}}},"fnMap":{"0":{"name":"(anonymous_7)","decl":{"start":{"line":43,"column":17},"end":{"line":43,"column":20}},"loc":{"start":{"line":43,"column":23},"end":{"line":43,"column":87}}}},"branchMap":{"0":{"loc":{"start":{"line":16,"column":13},"end":{"line":16,"column":37}},"type":"binary-expr","locations":[{"start":{"line":16,"column":13},"end":{"line":16,"column":29}},{"start":{"line":16,"column":33},"end":{"line":16,"column":37}}]}},"s":{"0":1,"1":1,"2":1,"3":1,"4":1,"5":1,"6":1,"7":1,"8":1,"9":1,"10":1,"11":1,"12":1,"13":1,"14":1,"15":1,"16":1,"17":1,"18":1,"19":1,"20":1,"21":1,"22":1,"23":1},"f":{"0":1},"b":{"0":[1,0]}}
,"C:\\Users\\apugachev\\Desktop\\projects\\meetingsBack\\src\\controller\\meeting.controller.ts": {"path":"C:\\Users\\apugachev\\Desktop\\projects\\meetingsBack\\src\\controller\\meeting.controller.ts","statementMap":{"0":{"start":{"line":1,"column":0},"end":{"line":1,"column":null}},"1":{"start":{"line":4,"column":0},"end":{"line":4,"column":26}},"2":{"start":{"line":5,"column":0},"end":{"line":5,"column":null}},"3":{"start":{"line":8,"column":0},"end":{"line":8,"column":37}},"4":{"start":{"line":10,"column":0},"end":{"line":10,"column":65}},"5":{"start":{"line":11,"column":0},"end":{"line":11,"column":47}},"6":{"start":{"line":16,"column":0},"end":{"line":40,"column":null}},"7":{"start":{"line":20,"column":17},"end":{"line":20,"column":42}},"8":{"start":{"line":21,"column":4},"end":{"line":21,"column":70}},"9":{"start":{"line":26,"column":27},"end":{"line":26,"column":60}},"10":{"start":{"line":27,"column":4},"end":{"line":27,"column":73}},"11":{"start":{"line":32,"column":4},"end":{"line":32,"column":63}},"12":{"start":{"line":37,"column":4},"end":{"line":37,"column":53}},"13":{"start":{"line":19,"column":2},"end":{"line":22,"column":null}},"14":{"start":{"line":25,"column":2},"end":{"line":28,"column":null}},"15":{"start":{"line":31,"column":2},"end":{"line":33,"column":null}},"16":{"start":{"line":36,"column":2},"end":{"line":38,"column":null}},"17":{"start":{"line":16,"column":13},"end":{"line":40,"column":null}},"18":{"start":{"line":16,"column":13},"end":{"line":16,"column":30}}},"fnMap":{"0":{"name":"(anonymous_12)","decl":{"start":{"line":19,"column":8},"end":{"line":19,"column":19}},"loc":{"start":{"line":19,"column":19},"end":{"line":22,"column":null}}},"1":{"name":"(anonymous_14)","decl":{"start":{"line":25,"column":8},"end":{"line":25,"column":22}},"loc":{"start":{"line":25,"column":47},"end":{"line":28,"column":null}}},"2":{"name":"(anonymous_16)","decl":{"start":{"line":31,"column":8},"end":{"line":31,"column":22}},"loc":{"start":{"line":31,"column":46},"end":{"line":33,"column":null}}},"3":{"name":"(anonymous_18)","decl":{"start":{"line":36,"column":8},"end":{"line":36,"column":22}},"loc":{"start":{"line":36,"column":46},"end":{"line":38,"column":null}}}},"branchMap":{},"s":{"0":1,"1":1,"2":1,"3":1,"4":1,"5":1,"6":1,"7":0,"8":0,"9":0,"10":0,"11":0,"12":0,"13":1,"14":1,"15":1,"16":1,"17":1,"18":1},"f":{"0":0,"1":0,"2":0,"3":0},"b":{}}
,"C:\\Users\\apugachev\\Desktop\\projects\\meetingsBack\\src\\controller\\user.controller.ts": {"path":"C:\\Users\\apugachev\\Desktop\\projects\\meetingsBack\\src\\controller\\user.controller.ts","statementMap":{"0":{"start":{"line":1,"column":0},"end":{"line":1,"column":null}},"1":{"start":{"line":5,"column":0},"end":{"line":5,"column":26}},"2":{"start":{"line":6,"column":0},"end":{"line":6,"column":51}},"3":{"start":{"line":7,"column":0},"end":{"line":7,"column":53}},"4":{"start":{"line":8,"column":0},"end":{"line":8,"column":null}},"5":{"start":{"line":11,"column":0},"end":{"line":11,"column":33}},"6":{"start":{"line":12,"column":0},"end":{"line":12,"column":46}},"7":{"start":{"line":13,"column":0},"end":{"line":13,"column":36}},"8":{"start":{"line":14,"column":0},"end":{"line":14,"column":65}},"9":{"start":{"line":15,"column":0},"end":{"line":15,"column":47}},"10":{"start":{"line":25,"column":27},"end":{"line":86,"column":null}},"11":{"start":{"line":29,"column":26},"end":{"line":29,"column":31}},"12":{"start":{"line":32,"column":39},"end":{"line":32,"column":114}},"13":{"start":{"line":34,"column":4},"end":{"line":36,"column":null}},"14":{"start":{"line":35,"column":6},"end":{"line":35,"column":29}},"15":{"start":{"line":38,"column":4},"end":{"line":38,"column":79}},"16":{"start":{"line":40,"column":4},"end":{"line":42,"column":null}},"17":{"start":{"line":41,"column":6},"end":{"line":41,"column":29}},"18":{"start":{"line":44,"column":4},"end":{"line":44,"column":37}},"19":{"start":{"line":46,"column":4},"end":{"line":48,"column":null}},"20":{"start":{"line":55,"column":27},"end":{"line":55,"column":59}},"21":{"start":{"line":56,"column":4},"end":{"line":56,"column":69}},"22":{"start":{"line":62,"column":17},"end":{"line":62,"column":42}},"23":{"start":{"line":63,"column":17},"end":{"line":63,"column":19}},"24":{"start":{"line":65,"column":4},"end":{"line":67,"column":null}},"25":{"start":{"line":66,"column":6},"end":{"line":66,"column":20}},"26":{"start":{"line":69,"column":4},"end":{"line":71,"column":18}},"27":{"start":{"line":70,"column":6},"end":{"line":70,"column":65}},"28":{"start":{"line":72,"column":4},"end":{"line":72,"column":18}},"29":{"start":{"line":77,"column":17},"end":{"line":80,"column":6}},"30":{"start":{"line":81,"column":22},"end":{"line":81,"column":45}},"31":{"start":{"line":82,"column":23},"end":{"line":82,"column":27}},"32":{"start":{"line":84,"column":4},"end":{"line":84,"column":69}},"33":{"start":{"line":28,"column":2},"end":{"line":51,"column":null}},"34":{"start":{"line":54,"column":2},"end":{"line":57,"column":null}},"35":{"start":{"line":61,"column":2},"end":{"line":73,"column":null}},"36":{"start":{"line":25,"column":13},"end":{"line":86,"column":null}},"37":{"start":{"line":25,"column":13},"end":{"line":25,"column":27}}},"fnMap":{"0":{"name":"(anonymous_18)","decl":{"start":{"line":28,"column":8},"end":{"line":28,"column":13}},"loc":{"start":{"line":28,"column":36},"end":{"line":51,"column":null}}},"1":{"name":"(anonymous_20)","decl":{"start":{"line":54,"column":8},"end":{"line":54,"column":20}},"loc":{"start":{"line":54,"column":40},"end":{"line":57,"column":null}}},"2":{"name":"(anonymous_22)","decl":{"start":{"line":61,"column":8},"end":{"line":61,"column":15}},"loc":{"start":{"line":61,"column":47},"end":{"line":73,"column":null}}},"3":{"name":"(anonymous_24)","decl":{"start":{"line":76,"column":10},"end":{"line":76,"column":16}},"loc":{"start":{"line":76,"column":41},"end":{"line":85,"column":3}}}},"branchMap":{"0":{"loc":{"start":{"line":34,"column":4},"end":{"line":36,"column":null}},"type":"if","locations":[{"start":{"line":34,"column":4},"end":{"line":36,"column":null}}]},"1":{"loc":{"start":{"line":40,"column":4},"end":{"line":42,"column":null}},"type":"if","locations":[{"start":{"line":40,"column":4},"end":{"line":42,"column":null}}]},"2":{"loc":{"start":{"line":65,"column":4},"end":{"line":67,"column":null}},"type":"if","locations":[{"start":{"line":65,"column":4},"end":{"line":67,"column":null}}]}},"s":{"0":1,"1":1,"2":1,"3":1,"4":1,"5":1,"6":1,"7":1,"8":1,"9":1,"10":1,"11":3,"12":3,"13":3,"14":1,"15":2,"16":2,"17":1,"18":1,"19":1,"20":0,"21":0,"22":0,"23":0,"24":0,"25":0,"26":0,"27":0,"28":0,"29":1,"30":1,"31":1,"32":1,"33":1,"34":1,"35":1,"36":1,"37":1},"f":{"0":3,"1":0,"2":0,"3":1},"b":{"0":[1],"1":[1],"2":[0]}}
,"C:\\Users\\apugachev\\Desktop\\projects\\meetingsBack\\src\\db\\meetings.db.ts": {"path":"C:\\Users\\apugachev\\Desktop\\projects\\meetingsBack\\src\\db\\meetings.db.ts","statementMap":{"0":{"start":{"line":3,"column":0},"end":{"line":3,"column":30}},"1":{"start":{"line":4,"column":0},"end":{"line":4,"column":37}},"2":{"start":{"line":9,"column":26},"end":{"line":9,"column":113}},"3":{"start":{"line":9,"column":32},"end":{"line":9,"column":113}},"4":{"start":{"line":9,"column":13},"end":{"line":9,"column":26}},"5":{"start":{"line":12,"column":25},"end":{"line":48,"column":1}},"6":{"start":{"line":13,"column":17},"end":{"line":13,"column":19}},"7":{"start":{"line":14,"column":22},"end":{"line":14,"column":23}},"8":{"start":{"line":15,"column":2},"end":{"line":47,"column":6}},"9":{"start":{"line":23,"column":14},"end":{"line":30,"column":null}},"10":{"start":{"line":33,"column":4},"end":{"line":44,"column":null}},"11":{"start":{"line":34,"column":6},"end":{"line":34,"column":34}},"12":{"start":{"line":35,"column":6},"end":{"line":41,"column":9}},"13":{"start":{"line":43,"column":6},"end":{"line":43,"column":56}},"14":{"start":{"line":46,"column":4},"end":{"line":46,"column":18}},"15":{"start":{"line":12,"column":13},"end":{"line":12,"column":25}},"16":{"start":{"line":51,"column":31},"end":{"line":71,"column":1}},"17":{"start":{"line":53,"column":18},"end":{"line":53,"column":20}},"18":{"start":{"line":54,"column":2},"end":{"line":70,"column":5}},"19":{"start":{"line":56,"column":25},"end":{"line":59,"column":25}},"20":{"start":{"line":60,"column":4},"end":{"line":60,"column":31}},"21":{"start":{"line":62,"column":4},"end":{"line":68,"column":7}},"22":{"start":{"line":63,"column":25},"end":{"line":66,"column":25}},"23":{"start":{"line":67,"column":6},"end":{"line":67,"column":31}},"24":{"start":{"line":69,"column":4},"end":{"line":69,"column":29}},"25":{"start":{"line":51,"column":13},"end":{"line":51,"column":31}},"26":{"start":{"line":74,"column":30},"end":{"line":88,"column":1}},"27":{"start":{"line":75,"column":18},"end":{"line":75,"column":20}},"28":{"start":{"line":76,"column":2},"end":{"line":87,"column":5}},"29":{"start":{"line":77,"column":25},"end":{"line":79,"column":25}},"30":{"start":{"line":80,"column":4},"end":{"line":80,"column":31}},"31":{"start":{"line":81,"column":25},"end":{"line":83,"column":25}},"32":{"start":{"line":84,"column":4},"end":{"line":84,"column":31}},"33":{"start":{"line":86,"column":4},"end":{"line":86,"column":29}},"34":{"start":{"line":74,"column":13},"end":{"line":74,"column":30}},"35":{"start":{"line":91,"column":30},"end":{"line":113,"column":1}},"36":{"start":{"line":92,"column":18},"end":{"line":92,"column":20}},"37":{"start":{"line":93,"column":2},"end":{"line":112,"column":5}},"38":{"start":{"line":94,"column":27},"end":{"line":98,"column":23}},"39":{"start":{"line":99,"column":4},"end":{"line":99,"column":33}},"40":{"start":{"line":100,"column":25},"end":{"line":102,"column":23}},"41":{"start":{"line":103,"column":4},"end":{"line":103,"column":31}},"42":{"start":{"line":104,"column":4},"end":{"line":110,"column":7}},"43":{"start":{"line":105,"column":25},"end":{"line":108,"column":25}},"44":{"start":{"line":109,"column":6},"end":{"line":109,"column":31}},"45":{"start":{"line":111,"column":4},"end":{"line":111,"column":29}},"46":{"start":{"line":91,"column":13},"end":{"line":91,"column":30}}},"fnMap":{"0":{"name":"(anonymous_0)","decl":{"start":{"line":9,"column":26},"end":{"line":9,"column":29}},"loc":{"start":{"line":9,"column":32},"end":{"line":9,"column":113}}},"1":{"name":"(anonymous_1)","decl":{"start":{"line":12,"column":25},"end":{"line":12,"column":26}},"loc":{"start":{"line":12,"column":43},"end":{"line":48,"column":1}}},"2":{"name":"(anonymous_2)","decl":{"start":{"line":22,"column":17},"end":{"line":22,"column":18}},"loc":{"start":{"line":22,"column":23},"end":{"line":47,"column":3}}},"3":{"name":"(anonymous_3)","decl":{"start":{"line":51,"column":31},"end":{"line":51,"column":32}},"loc":{"start":{"line":51,"column":72},"end":{"line":71,"column":1}}},"4":{"name":"(anonymous_4)","decl":{"start":{"line":54,"column":15},"end":{"line":54,"column":16}},"loc":{"start":{"line":54,"column":21},"end":{"line":70,"column":3}}},"5":{"name":"(anonymous_5)","decl":{"start":{"line":62,"column":23},"end":{"line":62,"column":24}},"loc":{"start":{"line":62,"column":32},"end":{"line":68,"column":5}}},"6":{"name":"(anonymous_6)","decl":{"start":{"line":74,"column":30},"end":{"line":74,"column":31}},"loc":{"start":{"line":74,"column":51},"end":{"line":88,"column":1}}},"7":{"name":"(anonymous_7)","decl":{"start":{"line":76,"column":15},"end":{"line":76,"column":16}},"loc":{"start":{"line":76,"column":21},"end":{"line":87,"column":3}}},"8":{"name":"(anonymous_8)","decl":{"start":{"line":91,"column":30},"end":{"line":91,"column":31}},"loc":{"start":{"line":91,"column":52},"end":{"line":113,"column":1}}},"9":{"name":"(anonymous_9)","decl":{"start":{"line":93,"column":15},"end":{"line":93,"column":16}},"loc":{"start":{"line":93,"column":21},"end":{"line":112,"column":3}}},"10":{"name":"(anonymous_10)","decl":{"start":{"line":104,"column":26},"end":{"line":104,"column":27}},"loc":{"start":{"line":104,"column":35},"end":{"line":110,"column":5}}}},"branchMap":{"0":{"loc":{"start":{"line":33,"column":4},"end":{"line":44,"column":null}},"type":"if","locations":[{"start":{"line":33,"column":4},"end":{"line":44,"column":null}},{"start":{"line":42,"column":11},"end":{"line":44,"column":null}}]},"1":{"loc":{"start":{"line":33,"column":9},"end":{"line":33,"column":56}},"type":"binary-expr","locations":[{"start":{"line":33,"column":9},"end":{"line":33,"column":23}},{"start":{"line":33,"column":27},"end":{"line":33,"column":56}}]}},"s":{"0":1,"1":1,"2":1,"3":0,"4":1,"5":1,"6":0,"7":0,"8":0,"9":0,"10":0,"11":0,"12":0,"13":0,"14":0,"15":1,"16":1,"17":0,"18":0,"19":0,"20":0,"21":0,"22":0,"23":0,"24":0,"25":1,"26":1,"27":0,"28":0,"29":0,"30":0,"31":0,"32":0,"33":0,"34":1,"35":1,"36":0,"37":0,"38":0,"39":0,"40":0,"41":0,"42":0,"43":0,"44":0,"45":0,"46":1},"f":{"0":0,"1":0,"2":0,"3":0,"4":0,"5":0,"6":0,"7":0,"8":0,"9":0,"10":0},"b":{"0":[0,0],"1":[0,0]}}
,"C:\\Users\\apugachev\\Desktop\\projects\\meetingsBack\\src\\db\\user.db.ts": {"path":"C:\\Users\\apugachev\\Desktop\\projects\\meetingsBack\\src\\db\\user.db.ts","statementMap":{"0":{"start":{"line":2,"column":0},"end":{"line":2,"column":30}},"1":{"start":{"line":4,"column":0},"end":{"line":4,"column":27}},"2":{"start":{"line":7,"column":25},"end":{"line":18,"column":1}},"3":{"start":{"line":8,"column":16},"end":{"line":8,"column":18}},"4":{"start":{"line":9,"column":2},"end":{"line":17,"column":6}},"5":{"start":{"line":15,"column":4},"end":{"line":15,"column":21}},"6":{"start":{"line":16,"column":4},"end":{"line":16,"column":17}},"7":{"start":{"line":7,"column":13},"end":{"line":7,"column":25}},"8":{"start":{"line":21,"column":29},"end":{"line":27,"column":2}},"9":{"start":{"line":21,"column":57},"end":{"line":27,"column":2}},"10":{"start":{"line":22,"column":2},"end":{"line":26,"column":22}},"11":{"start":{"line":21,"column":13},"end":{"line":21,"column":29}},"12":{"start":{"line":30,"column":28},"end":{"line":30,"column":111}},"13":{"start":{"line":30,"column":46},"end":{"line":30,"column":111}},"14":{"start":{"line":30,"column":13},"end":{"line":30,"column":28}}},"fnMap":{"0":{"name":"(anonymous_0)","decl":{"start":{"line":7,"column":25},"end":{"line":7,"column":26}},"loc":{"start":{"line":7,"column":40},"end":{"line":18,"column":1}}},"1":{"name":"(anonymous_1)","decl":{"start":{"line":14,"column":16},"end":{"line":14,"column":17}},"loc":{"start":{"line":14,"column":25},"end":{"line":17,"column":3}}},"2":{"name":"(anonymous_2)","decl":{"start":{"line":21,"column":29},"end":{"line":21,"column":30}},"loc":{"start":{"line":21,"column":57},"end":{"line":27,"column":2}}},"3":{"name":"(anonymous_3)","decl":{"start":{"line":21,"column":63},"end":{"line":21,"column":64}},"loc":{"start":{"line":21,"column":69},"end":{"line":27,"column":1}}},"4":{"name":"(anonymous_4)","decl":{"start":{"line":30,"column":28},"end":{"line":30,"column":29}},"loc":{"start":{"line":30,"column":46},"end":{"line":30,"column":111}}}},"branchMap":{"0":{"loc":{"start":{"line":25,"column":14},"end":{"line":25,"column":63}},"type":"cond-expr","locations":[{"start":{"line":25,"column":27},"end":{"line":25,"column":51}},{"start":{"line":25,"column":54},"end":{"line":25,"column":63}}]}},"s":{"0":1,"1":1,"2":1,"3":0,"4":0,"5":0,"6":0,"7":1,"8":1,"9":0,"10":0,"11":1,"12":1,"13":3,"14":1},"f":{"0":0,"1":0,"2":0,"3":0,"4":3},"b":{"0":[0,0]}}
,"C:\\Users\\apugachev\\Desktop\\projects\\meetingsBack\\src\\middleware\\globalErrorHandler.ts": {"path":"C:\\Users\\apugachev\\Desktop\\projects\\meetingsBack\\src\\middleware\\globalErrorHandler.ts","statementMap":{"0":{"start":{"line":1,"column":0},"end":{"line":1,"column":82}},"1":{"start":{"line":3,"column":38},"end":{"line":9,"column":2}},"2":{"start":{"line":13,"column":0},"end":{"line":25,"column":null}},"3":{"start":{"line":15,"column":25},"end":{"line":15,"column":81}},"4":{"start":{"line":17,"column":14},"end":{"line":17,"column":59}},"5":{"start":{"line":18,"column":4},"end":{"line":22,"column":7}},"6":{"start":{"line":23,"column":4},"end":{"line":23,"column":11}},"7":{"start":{"line":13,"column":13},"end":{"line":25,"column":null}},"8":{"start":{"line":13,"column":13},"end":{"line":13,"column":31}}},"fnMap":{"0":{"name":"(anonymous_1)","decl":{"start":{"line":14,"column":2},"end":{"line":14,"column":7}},"loc":{"start":{"line":14,"column":65},"end":{"line":24,"column":3}}}},"branchMap":{"0":{"loc":{"start":{"line":15,"column":25},"end":{"line":15,"column":81}},"type":"binary-expr","locations":[{"start":{"line":15,"column":25},"end":{"line":15,"column":43}},{"start":{"line":15,"column":47},"end":{"line":15,"column":68}},{"start":{"line":15,"column":72},"end":{"line":15,"column":81}}]},"1":{"loc":{"start":{"line":17,"column":14},"end":{"line":17,"column":59}},"type":"cond-expr","locations":[{"start":{"line":17,"column":39},"end":{"line":17,"column":53}},{"start":{"line":17,"column":56},"end":{"line":17,"column":59}}]},"2":{"loc":{"start":{"line":21,"column":17},"end":{"line":21,"column":30}},"type":"cond-expr","locations":[{"start":{"line":21,"column":22},"end":{"line":21,"column":24}},{"start":{"line":21,"column":17},"end":{"line":21,"column":30}}]},"3":{"loc":{"start":{"line":21,"column":17},"end":{"line":21,"column":24}},"type":"binary-expr","locations":[{"start":{"line":21,"column":17},"end":{"line":21,"column":24}},{"start":{"line":21,"column":17},"end":{"line":21,"column":24}}]}},"s":{"0":1,"1":1,"2":1,"3":2,"4":2,"5":2,"6":2,"7":1,"8":1},"f":{"0":2},"b":{"0":[2,2,0],"1":[2,0],"2":[0,2],"3":[2,2]}}
,"C:\\Users\\apugachev\\Desktop\\projects\\meetingsBack\\src\\middleware\\midAuthentication.ts": {"path":"C:\\Users\\apugachev\\Desktop\\projects\\meetingsBack\\src\\middleware\\midAuthentication.ts","statementMap":{"0":{"start":{"line":1,"column":0},"end":{"line":1,"column":47}},"1":{"start":{"line":2,"column":0},"end":{"line":2,"column":50}},"2":{"start":{"line":5,"column":2},"end":{"line":11,"column":null}},"3":{"start":{"line":6,"column":23},"end":{"line":6,"column":122}},"4":{"start":{"line":7,"column":4},"end":{"line":7,"column":54}},"5":{"start":{"line":8,"column":4},"end":{"line":8,"column":11}},"6":{"start":{"line":10,"column":4},"end":{"line":10,"column":27}},"7":{"start":{"line":4,"column":0},"end":{"line":4,"column":16}}},"fnMap":{"0":{"name":"Authentication","decl":{"start":{"line":4,"column":16},"end":{"line":4,"column":30}},"loc":{"start":{"line":4,"column":86},"end":{"line":12,"column":1}}}},"branchMap":{},"s":{"0":1,"1":1,"2":0,"3":0,"4":0,"5":0,"6":0,"7":1},"f":{"0":0},"b":{}}
,"C:\\Users\\apugachev\\Desktop\\projects\\meetingsBack\\src\\model\\login.types.ts": {"path":"C:\\Users\\apugachev\\Desktop\\projects\\meetingsBack\\src\\model\\login.types.ts","statementMap":{"0":{"start":{"line":1,"column":0},"end":{"line":1,"column":53}},"1":{"start":{"line":7,"column":4},"end":{"line":7,"column":null}},"2":{"start":{"line":9,"column":4},"end":{"line":9,"column":null}},"3":{"start":{"line":4,"column":0},"end":{"line":4,"column":13}}},"fnMap":{},"branchMap":{},"s":{"0":1,"1":1,"2":1,"3":1},"f":{},"b":{}}
,"C:\\Users\\apugachev\\Desktop\\projects\\meetingsBack\\src\\model\\registration.types.ts": {"path":"C:\\Users\\apugachev\\Desktop\\projects\\meetingsBack\\src\\model\\registration.types.ts","statementMap":{"0":{"start":{"line":1,"column":0},"end":{"line":1,"column":55}},"1":{"start":{"line":2,"column":0},"end":{"line":2,"column":39}},"2":{"start":{"line":8,"column":4},"end":{"line":8,"column":null}},"3":{"start":{"line":11,"column":4},"end":{"line":11,"column":null}},"4":{"start":{"line":5,"column":0},"end":{"line":5,"column":13}}},"fnMap":{},"branchMap":{},"s":{"0":1,"1":1,"2":1,"3":1,"4":1},"f":{},"b":{}}
}
