TN:
SF:src\index.ts
FN:43,(anonymous_7)
FNF:1
FNH:1
FNDA:1,(anonymous_7)
DA:1,1
DA:2,1
DA:3,1
DA:4,1
DA:5,1
DA:6,1
DA:7,1
DA:8,1
DA:9,1
DA:10,1
DA:11,1
DA:12,1
DA:14,1
DA:15,1
DA:16,1
DA:19,1
DA:29,1
DA:30,1
DA:31,1
DA:33,1
DA:36,1
DA:42,1
DA:43,1
LF:23
LH:23
BRDA:16,0,0,1
BRDA:16,0,1,0
BRF:2
BRH:1
end_of_record
TN:
SF:src\controller\meeting.controller.ts
FN:19,(anonymous_12)
FN:30,(anonymous_14)
FN:36,(anonymous_16)
FN:41,(anonymous_18)
FNF:4
FNH:0
FNDA:0,(anonymous_12)
FNDA:0,(anonymous_14)
FNDA:0,(anonymous_16)
FNDA:0,(anonymous_18)
DA:1,1
DA:4,1
DA:5,1
DA:8,1
DA:10,1
DA:11,1
DA:16,1
DA:19,1
DA:20,0
DA:21,0
DA:22,0
DA:23,0
DA:25,0
DA:30,1
DA:31,0
DA:32,0
DA:36,1
DA:37,0
DA:41,1
DA:42,0
LF:20
LH:11
BRF:0
BRH:0
end_of_record
TN:
SF:src\controller\user.controller.ts
FN:28,(anonymous_18)
FN:53,(anonymous_20)
FN:60,(anonymous_22)
FN:75,(anonymous_24)
FNF:4
FNH:2
FNDA:3,(anonymous_18)
FNDA:0,(anonymous_20)
FNDA:0,(anonymous_22)
FNDA:1,(anonymous_24)
DA:1,1
DA:5,1
DA:6,1
DA:7,1
DA:8,1
DA:11,1
DA:12,1
DA:13,1
DA:14,1
DA:15,1
DA:25,1
DA:28,1
DA:29,3
DA:30,3
DA:32,3
DA:33,3
DA:35,1
DA:37,2
DA:39,2
DA:40,1
DA:43,1
DA:45,1
DA:53,1
DA:54,0
DA:55,0
DA:60,1
DA:61,0
DA:62,0
DA:64,0
DA:65,0
DA:68,0
DA:69,0
DA:71,0
DA:76,1
DA:80,1
DA:81,1
DA:83,1
LF:37
LH:28
BRDA:39,0,0,1
BRDA:64,1,0,0
BRF:2
BRH:1
end_of_record
TN:
SF:src\db\meetings.db.ts
FN:9,(anonymous_0)
FN:12,(anonymous_1)
FN:22,(anonymous_2)
FN:51,(anonymous_3)
FN:54,(anonymous_4)
FN:62,(anonymous_5)
FN:74,(anonymous_6)
FN:76,(anonymous_7)
FN:91,(anonymous_8)
FN:93,(anonymous_9)
FN:104,(anonymous_10)
FNF:11
FNH:0
FNDA:0,(anonymous_0)
FNDA:0,(anonymous_1)
FNDA:0,(anonymous_2)
FNDA:0,(anonymous_3)
FNDA:0,(anonymous_4)
FNDA:0,(anonymous_5)
FNDA:0,(anonymous_6)
FNDA:0,(anonymous_7)
FNDA:0,(anonymous_8)
FNDA:0,(anonymous_9)
FNDA:0,(anonymous_10)
DA:3,1
DA:4,1
DA:9,1
DA:12,1
DA:13,0
DA:14,0
DA:15,0
DA:23,0
DA:33,0
DA:34,0
DA:35,0
DA:43,0
DA:46,0
DA:51,1
DA:53,0
DA:54,0
DA:56,0
DA:60,0
DA:62,0
DA:63,0
DA:67,0
DA:69,0
DA:74,1
DA:75,0
DA:76,0
DA:77,0
DA:80,0
DA:81,0
DA:84,0
DA:86,0
DA:91,1
DA:92,0
DA:93,0
DA:94,0
DA:99,0
DA:100,0
DA:103,0
DA:104,0
DA:105,0
DA:109,0
DA:111,0
LF:41
LH:7
BRDA:33,0,0,0
BRDA:33,0,1,0
BRDA:33,1,0,0
BRDA:33,1,1,0
BRF:4
BRH:0
end_of_record
TN:
SF:src\db\user.db.ts
FN:7,(anonymous_0)
FN:14,(anonymous_1)
FN:21,(anonymous_2)
FN:21,(anonymous_3)
FN:30,(anonymous_4)
FNF:5
FNH:1
FNDA:0,(anonymous_0)
FNDA:0,(anonymous_1)
FNDA:0,(anonymous_2)
FNDA:0,(anonymous_3)
FNDA:3,(anonymous_4)
DA:2,1
DA:4,1
DA:7,1
DA:8,0
DA:9,0
DA:15,0
DA:16,0
DA:21,1
DA:22,0
DA:30,3
LF:10
LH:5
BRDA:25,0,0,0
BRDA:25,0,1,0
BRF:2
BRH:0
end_of_record
TN:
SF:src\middleware\globalErrorHandler.ts
FN:14,(anonymous_1)
FNF:1
FNH:1
FNDA:2,(anonymous_1)
DA:1,1
DA:3,1
DA:13,1
DA:15,2
DA:17,2
DA:18,2
DA:23,2
LF:7
LH:7
BRDA:15,0,0,2
BRDA:15,0,1,2
BRDA:15,0,2,0
BRDA:17,1,0,2
BRDA:17,1,1,0
BRDA:21,2,0,0
BRDA:21,2,1,2
BRDA:21,3,0,2
BRDA:21,3,1,2
BRF:9
BRH:6
end_of_record
TN:
SF:src\middleware\midAuthentication.ts
FN:4,Authentication
FNF:1
FNH:0
FNDA:0,Authentication
DA:1,1
DA:2,1
DA:4,1
DA:5,0
DA:6,0
DA:7,0
DA:8,0
DA:10,0
LF:8
LH:3
BRF:0
BRH:0
end_of_record
TN:
SF:src\model\login.types.ts
FNF:0
FNH:0
DA:1,1
DA:4,1
DA:7,1
DA:9,1
LF:4
LH:4
BRF:0
BRH:0
end_of_record
TN:
SF:src\model\registration.types.ts
FNF:0
FNH:0
DA:1,1
DA:2,1
DA:5,1
DA:8,1
DA:11,1
LF:5
LH:5
BRF:0
BRH:0
end_of_record
